[03:26:23 PM] INFO: Loading doce ontology...
[03:26:49 PM] INFO: Loaded doce ontology.
[03:26:49 PM] INFO: Processing Detalhamento_pontos_PMQQS.csv
[03:26:49 PM] INFO: Processing e2b55b1b-908d-4790-be26-8160c3becc3a.csv
[03:27:21 PM] INFO: Processing 7fa90391-7b00-4244-afa4-26b4951dbaa9.csv
[03:27:46 PM] INFO: Processing 662fe5f3-7cd1-4420-86f6-0f7bbe99fe5d.csv
[03:27:59 PM] INFO: Processing 3f19eab3-4f56-4511-b626-115514114e03.csv
[03:28:28 PM] INFO: Processing Dados_Rio_Doce_Campanha4.csv
[03:28:28 PM] INFO: Processing Dados_Rio_Doce_Campanha5.csv
[03:28:28 PM] INFO: Processing Dados_Rio_Doce_Campanha2.csv
[03:28:28 PM] INFO: Processing Dados_Rio_Doce_Campanha1.csv
[03:28:28 PM] INFO: Saving extracted and transformed data points...
[03:29:46 PM] INFO: Saved extracted and transformed data points.
[03:58:45 PM] INFO: Loading doce ontology...
[03:58:59 PM] INFO: Loaded doce ontology.
[03:59:00 PM] INFO: Processing Detalhamento_pontos_PMQQS.csv
[03:59:00 PM] INFO: Processing e2b55b1b-908d-4790-be26-8160c3becc3a.csv
[03:59:35 PM] INFO: Processing 7fa90391-7b00-4244-afa4-26b4951dbaa9.csv
[03:59:58 PM] INFO: Processing 662fe5f3-7cd1-4420-86f6-0f7bbe99fe5d.csv
[04:00:18 PM] INFO: Processing 3f19eab3-4f56-4511-b626-115514114e03.csv
[04:00:54 PM] INFO: Processing Dados_Rio_Doce_Campanha4.csv
[04:00:54 PM] INFO: Processing Dados_Rio_Doce_Campanha5.csv
[04:00:55 PM] INFO: Processing Dados_Rio_Doce_Campanha2.csv
[04:00:55 PM] INFO: Processing Dados_Rio_Doce_Campanha1.csv
[04:00:55 PM] INFO: Saving extracted and transformed data points...
[04:02:10 PM] INFO: Saved extracted and transformed data points.
[04:12:17 PM] INFO: Loading doce ontology...
[04:12:27 PM] INFO: Loaded doce ontology.
[04:12:28 PM] INFO: Processing Detalhamento_pontos_PMQQS.csv
[04:12:28 PM] INFO: Processing e2b55b1b-908d-4790-be26-8160c3becc3a.csv
[04:12:53 PM] INFO: Processing 7fa90391-7b00-4244-afa4-26b4951dbaa9.csv
[04:13:16 PM] INFO: Processing 662fe5f3-7cd1-4420-86f6-0f7bbe99fe5d.csv
[04:13:31 PM] INFO: Processing 3f19eab3-4f56-4511-b626-115514114e03.csv
[04:14:05 PM] INFO: Processing Dados_Rio_Doce_Campanha4.csv
[04:14:05 PM] INFO: Processing Dados_Rio_Doce_Campanha5.csv
[04:14:05 PM] INFO: Processing Dados_Rio_Doce_Campanha2.csv
[04:14:05 PM] INFO: Processing Dados_Rio_Doce_Campanha1.csv
[04:14:05 PM] INFO: Saving extracted and transformed data points...
[04:15:26 PM] INFO: Saved extracted and transformed data points.
[04:23:54 PM] INFO: Loading doce ontology...
[04:24:07 PM] INFO: Loaded doce ontology.
[04:24:07 PM] INFO: Processing Detalhamento_pontos_PMQQS.csv
[04:24:07 PM] INFO: Processing e2b55b1b-908d-4790-be26-8160c3becc3a.csv
[04:24:33 PM] INFO: Processing 7fa90391-7b00-4244-afa4-26b4951dbaa9.csv
[04:24:54 PM] INFO: Processing 662fe5f3-7cd1-4420-86f6-0f7bbe99fe5d.csv
[04:25:06 PM] INFO: Processing 3f19eab3-4f56-4511-b626-115514114e03.csv
[04:25:31 PM] INFO: Processing Dados_Rio_Doce_Campanha4.csv
[04:25:31 PM] INFO: Processing Dados_Rio_Doce_Campanha5.csv
[04:25:31 PM] INFO: Processing Dados_Rio_Doce_Campanha2.csv
[04:25:31 PM] INFO: Processing Dados_Rio_Doce_Campanha1.csv
[04:25:31 PM] INFO: Saving extracted and transformed data points...
[04:26:50 PM] INFO: Saved extracted and transformed data points.
